TN:
SF:./src/client/app/admin/admin.module.js
FN:1,(anonymous_1)
FNF:1
FNH:1
FNDA:1,(anonymous_1)
DA:1,1
DA:4,1
LF:2
LH:2
BRF:0
BRH:0
end_of_record
TN:
SF:./src/client/app/app.module.js
FN:1,(anonymous_1)
FNF:1
FNH:1
FNDA:1,(anonymous_1)
DA:1,1
DA:4,1
LF:2
LH:2
BRF:0
BRH:0
end_of_record
TN:
SF:./src/client/app/blocks/exception/exception.module.js
FN:1,(anonymous_1)
FNF:1
FNH:1
FNDA:1,(anonymous_1)
DA:1,1
DA:4,1
LF:2
LH:2
BRF:0
BRH:0
end_of_record
TN:
SF:./src/client/app/blocks/logger/logger.module.js
FN:1,(anonymous_1)
FNF:1
FNH:1
FNDA:1,(anonymous_1)
DA:1,1
DA:4,1
LF:2
LH:2
BRF:0
BRH:0
end_of_record
TN:
SF:./src/client/app/blocks/router/router.module.js
FN:1,(anonymous_1)
FNF:1
FNH:1
FNDA:1,(anonymous_1)
DA:1,1
DA:4,1
LF:2
LH:2
BRF:0
BRH:0
end_of_record
TN:
SF:./src/client/app/contact/contact.module.js
FN:1,(anonymous_1)
FNF:1
FNH:1
FNDA:1,(anonymous_1)
DA:1,1
DA:4,1
LF:2
LH:2
BRF:0
BRH:0
end_of_record
TN:
SF:./src/client/app/core/core.module.js
FN:1,(anonymous_1)
FN:9,(anonymous_2)
FN:10,(anonymous_3)
FN:15,(anonymous_4)
FN:16,(anonymous_5)
FNF:5
FNH:5
FNDA:1,(anonymous_1)
FNDA:53,(anonymous_2)
FNDA:144,(anonymous_3)
FNDA:53,(anonymous_4)
FNDA:26,(anonymous_5)
DA:1,1
DA:4,1
DA:10,53
DA:11,144
DA:12,144
DA:16,53
DA:17,26
DA:18,26
LF:8
LH:8
BRF:0
BRH:0
end_of_record
TN:
SF:./src/client/app/layout/layout.module.js
FN:1,(anonymous_1)
FNF:1
FNH:1
FNDA:1,(anonymous_1)
DA:1,1
DA:4,1
LF:2
LH:2
BRF:0
BRH:0
end_of_record
TN:
SF:./src/client/app/login/login.module.js
FN:1,(anonymous_1)
FNF:1
FNH:1
FNDA:1,(anonymous_1)
DA:1,1
DA:4,1
LF:2
LH:2
BRF:0
BRH:0
end_of_record
TN:
SF:./src/client/app/main/main.module.js
FN:1,(anonymous_1)
FNF:1
FNH:1
FNDA:1,(anonymous_1)
DA:1,1
DA:4,1
LF:2
LH:2
BRF:0
BRH:0
end_of_record
TN:
SF:./src/client/app/signup/signup.module.js
FN:1,(anonymous_1)
FNF:1
FNH:1
FNDA:1,(anonymous_1)
DA:1,1
DA:4,1
LF:2
LH:2
BRF:0
BRH:0
end_of_record
TN:
SF:./src/client/app/technicians/technicians.module.js
FN:1,(anonymous_1)
FNF:1
FNH:1
FNDA:1,(anonymous_1)
DA:1,1
DA:4,1
LF:2
LH:2
BRF:0
BRH:0
end_of_record
TN:
SF:./src/client/app/widgets/widgets.module.js
FN:1,(anonymous_1)
FNF:1
FNH:1
FNDA:1,(anonymous_1)
DA:1,1
DA:4,1
LF:2
LH:2
BRF:0
BRH:0
end_of_record
TN:
SF:./src/client/app/admin/admin.controller.js
FN:1,(anonymous_1)
FN:10,AdminController
FN:16,activate
FNF:3
FNH:3
FNDA:1,(anonymous_1)
FNDA:3,AdminController
FNDA:3,activate
DA:1,1
DA:4,1
DA:8,1
DA:10,1
DA:11,3
DA:12,3
DA:14,3
DA:16,1
DA:17,3
LF:9
LH:9
BRF:0
BRH:0
end_of_record
TN:
SF:./src/client/app/admin/admin.route.js
FN:1,(anonymous_1)
FN:10,appRun
FN:14,getStates
FNF:3
FNH:3
FNDA:1,(anonymous_1)
FNDA:6,appRun
FNDA:6,getStates
DA:1,1
DA:4,1
DA:8,1
DA:10,1
DA:11,6
DA:14,1
DA:15,6
LF:7
LH:7
BRF:0
BRH:0
end_of_record
TN:
SF:./src/client/app/blocks/exception/exception-handler.provider.js
FN:3,(anonymous_1)
FN:14,exceptionHandlerProvider
FN:20,(anonymous_3)
FN:24,(anonymous_4)
FN:37,config
FN:50,extendExceptionHandler
FN:51,(anonymous_7)
FNF:7
FNH:7
FNDA:1,(anonymous_1)
FNDA:61,exceptionHandlerProvider
FNDA:58,(anonymous_3)
FNDA:63,(anonymous_4)
FNDA:61,config
FNDA:61,extendExceptionHandler
FNDA:4,(anonymous_7)
DA:3,1
DA:6,1
DA:14,1
DA:16,61
DA:20,61
DA:21,58
DA:24,61
DA:25,63
DA:29,1
DA:37,1
DA:38,61
DA:41,1
DA:50,1
DA:51,61
DA:52,4
DA:53,4
DA:54,4
DA:55,4
DA:65,0
LF:19
LH:18
BRDA:52,1,0,4
BRDA:52,1,1,0
BRF:2
BRH:1
end_of_record
TN:
SF:./src/client/app/blocks/exception/exception.js
FN:1,(anonymous_1)
FN:9,exception
FN:15,catcher
FN:16,(anonymous_4)
FNF:4
FNH:4
FNDA:1,(anonymous_1)
FNDA:21,exception
FNDA:1,catcher
FNDA:1,(anonymous_4)
DA:1,1
DA:4,1
DA:9,1
DA:10,21
DA:13,21
DA:15,1
DA:16,1
DA:17,1
DA:18,1
DA:19,1
DA:20,0
DA:21,0
DA:23,1
DA:24,0
DA:25,0
LF:15
LH:11
BRDA:19,1,0,0
BRDA:19,1,1,1
BRDA:19,2,0,1
BRDA:19,2,1,0
BRF:4
BRH:2
end_of_record
TN:
SF:./src/client/app/blocks/logger/logger.js
FN:1,(anonymous_1)
FN:11,logger
FN:27,error
FN:32,info
FN:37,success
FN:42,warning
FNF:6
FNH:6
FNDA:1,(anonymous_1)
FNDA:61,logger
FNDA:1,error
FNDA:31,info
FNDA:4,success
FNDA:1,warning
DA:1,1
DA:4,1
DA:8,1
DA:11,1
DA:12,61
DA:24,61
DA:27,1
DA:28,1
DA:29,1
DA:32,1
DA:33,31
DA:34,31
DA:37,1
DA:38,4
DA:39,4
DA:42,1
DA:43,1
DA:44,1
LF:18
LH:18
BRF:0
BRH:0
end_of_record
TN:
SF:./src/client/app/blocks/router/router-helper.provider.js
FN:2,(anonymous_1)
FN:11,routerHelperProvider
FN:24,(anonymous_3)
FN:31,RouterHelper
FN:51,configureStates
FN:52,(anonymous_6)
FN:63,handleRoutingErrors
FN:68,(anonymous_8)
FN:86,init
FN:91,getStates
FN:93,updateDocTitle
FN:95,(anonymous_12)
FNF:12
FNH:11
FNDA:1,(anonymous_1)
FNDA:53,routerHelperProvider
FNDA:53,(anonymous_3)
FNDA:53,RouterHelper
FNDA:100,configureStates
FNDA:109,(anonymous_6)
FNDA:53,handleRoutingErrors
FNDA:1,(anonymous_8)
FNDA:53,init
FNDA:0,getStates
FNDA:53,updateDocTitle
FNDA:13,(anonymous_12)
DA:2,1
DA:5,1
DA:9,1
DA:11,1
DA:13,53
DA:18,53
DA:19,0
DA:22,53
DA:24,53
DA:25,53
DA:28,53
DA:29,53
DA:31,1
DA:32,53
DA:33,53
DA:34,53
DA:39,53
DA:45,53
DA:47,53
DA:51,1
DA:52,100
DA:53,109
DA:55,109
DA:57,100
DA:58,53
DA:59,53
DA:63,1
DA:67,53
DA:69,1
DA:70,0
DA:72,1
DA:73,1
DA:74,1
DA:77,1
DA:80,1
DA:81,1
DA:86,1
DA:87,53
DA:88,53
DA:91,1
DA:93,1
DA:94,53
DA:96,13
DA:97,13
DA:98,13
DA:99,13
LF:46
LH:44
BRDA:18,1,0,0
BRDA:18,1,1,53
BRDA:18,2,0,53
BRDA:18,2,1,53
BRDA:54,3,0,109
BRDA:54,3,1,103
BRDA:57,4,0,53
BRDA:57,4,1,47
BRDA:57,5,0,100
BRDA:57,5,1,53
BRDA:69,6,0,0
BRDA:69,6,1,1
BRDA:74,7,0,1
BRDA:74,7,1,1
BRDA:74,7,2,0
BRDA:74,7,3,0
BRDA:74,7,4,0
BRDA:78,8,0,1
BRDA:78,8,1,1
BRDA:78,9,0,1
BRDA:78,9,1,1
BRDA:79,10,0,1
BRDA:79,10,1,1
BRDA:98,11,0,13
BRDA:98,11,1,0
BRF:25
BRH:19
end_of_record
TN:
SF:./src/client/app/contact/contact.controller.js
FN:1,(anonymous_1)
FN:11,ContactController
FN:22,SubmitContact
FN:31,(anonymous_4)
FN:36,(anonymous_5)
FN:41,(anonymous_6)
FN:47,(anonymous_7)
FN:55,(anonymous_8)
FN:63,activate
FNF:9
FNH:6
FNDA:1,(anonymous_1)
FNDA:7,ContactController
FNDA:2,SubmitContact
FNDA:2,(anonymous_4)
FNDA:1,(anonymous_5)
FNDA:0,(anonymous_6)
FNDA:0,(anonymous_7)
FNDA:0,(anonymous_8)
FNDA:7,activate
DA:1,1
DA:4,1
DA:8,1
DA:11,1
DA:12,7
DA:14,7
DA:15,7
DA:16,7
DA:17,7
DA:18,7
DA:19,7
DA:20,7
DA:22,1
DA:23,2
DA:31,2
DA:33,2
DA:34,1
DA:35,1
DA:36,1
DA:38,1
DA:39,1
DA:40,1
DA:41,1
DA:42,0
DA:43,0
DA:46,0
DA:47,0
DA:48,0
DA:53,1
DA:55,1
DA:56,0
DA:61,7
DA:63,1
DA:64,7
LF:34
LH:28
BRDA:33,1,0,1
BRDA:33,1,1,1
BRDA:38,2,0,1
BRDA:38,2,1,0
BRF:4
BRH:3
end_of_record
TN:
SF:./src/client/app/contact/contact.route.js
FN:1,(anonymous_1)
FN:10,appRun
FN:14,getStates
FNF:3
FNH:3
FNDA:1,(anonymous_1)
FNDA:9,appRun
FNDA:9,getStates
DA:1,1
DA:4,1
DA:8,1
DA:10,1
DA:11,9
DA:14,1
DA:15,9
LF:7
LH:7
BRF:0
BRH:0
end_of_record
TN:
SF:./src/client/app/core/config.js
FN:1,(anonymous_1)
FN:10,toastrConfig
FN:27,configure
FNF:3
FNH:3
FNDA:1,(anonymous_1)
FNDA:53,toastrConfig
FNDA:53,configure
DA:1,1
DA:4,1
DA:6,1
DA:8,1
DA:10,1
DA:11,53
DA:12,53
DA:15,1
DA:20,1
DA:22,1
DA:24,1
DA:27,1
DA:30,53
DA:36,53
DA:37,53
DA:41,53
DA:43,53
DA:48,53
DA:49,53
DA:51,53
DA:52,53
LF:21
LH:21
BRDA:48,1,0,53
BRDA:48,1,1,0
BRF:2
BRH:1
end_of_record
TN:
SF:./src/client/app/core/constants.js
FN:2,(anonymous_1)
FNF:1
FNH:1
FNDA:1,(anonymous_1)
DA:2,1
DA:5,1
LF:2
LH:2
BRF:0
BRH:0
end_of_record
TN:
SF:./src/client/app/core/core.route.js
FN:1,(anonymous_1)
FN:9,appRun
FN:14,getStates
FNF:3
FNH:3
FNDA:1,(anonymous_1)
FNDA:53,appRun
FNDA:53,getStates
DA:1,1
DA:4,1
DA:9,1
DA:10,53
DA:11,53
DA:14,1
DA:15,53
LF:7
LH:7
BRF:0
BRH:0
end_of_record
TN:
SF:./src/client/app/core/dataservice.js
FN:1,(anonymous_1)
FN:11,dataservice
FN:25,sendEmail
FN:31,success
FN:35,fail
FN:40,getTechnicians
FN:44,success
FN:48,fail
FN:71,signup
FN:76,success
FN:81,fail
FN:89,checkLoggedin
FN:95,success
FN:109,fail
FN:116,isLoggedin
FN:121,success
FN:131,fail
FN:136,login
FN:141,success
FN:147,fail
FN:153,logout
FN:158,(anonymous_22)
FN:165,(anonymous_23)
FNF:23
FNH:4
FNDA:1,(anonymous_1)
FNDA:21,dataservice
FNDA:0,sendEmail
FNDA:0,success
FNDA:0,fail
FNDA:0,getTechnicians
FNDA:0,success
FNDA:0,fail
FNDA:0,signup
FNDA:0,success
FNDA:0,fail
FNDA:1,checkLoggedin
FNDA:0,success
FNDA:1,fail
FNDA:0,isLoggedin
FNDA:0,success
FNDA:0,fail
FNDA:0,login
FNDA:0,success
FNDA:0,fail
FNDA:0,logout
FNDA:0,(anonymous_22)
FNDA:0,(anonymous_23)
DA:1,1
DA:4,1
DA:8,1
DA:11,1
DA:13,21
DA:23,21
DA:25,1
DA:27,0
DA:31,1
DA:32,0
DA:35,1
DA:36,0
DA:40,1
DA:41,0
DA:42,0
DA:44,1
DA:45,0
DA:48,1
DA:49,0
DA:71,1
DA:72,0
DA:76,1
DA:77,0
DA:78,0
DA:81,1
DA:82,0
DA:83,0
DA:89,1
DA:91,1
DA:95,1
DA:96,0
DA:97,0
DA:98,0
DA:99,0
DA:100,0
DA:103,0
DA:104,0
DA:105,0
DA:109,1
DA:110,1
DA:111,1
DA:112,1
DA:116,1
DA:117,0
DA:121,1
DA:122,0
DA:123,0
DA:124,0
DA:126,0
DA:127,0
DA:131,1
DA:132,0
DA:136,1
DA:137,0
DA:141,1
DA:142,0
DA:143,0
DA:144,0
DA:147,1
DA:148,0
DA:149,0
DA:153,1
DA:154,0
DA:159,0
DA:160,0
DA:161,0
DA:162,0
DA:166,0
DA:167,0
LF:69
LH:29
BRDA:98,1,0,0
BRDA:98,1,1,0
BRDA:122,2,0,0
BRDA:122,2,1,0
BRF:4
BRH:0
end_of_record
TN:
SF:./src/client/app/layout/ht-top-nav.directive.js
FN:1,(anonymous_1)
FN:9,htTopNav
FN:24,TopNavController
FNF:3
FNH:1
FNDA:1,(anonymous_1)
FNDA:0,htTopNav
FNDA:0,TopNavController
DA:1,1
DA:4,1
DA:9,1
DA:10,0
DA:21,0
DA:24,1
DA:25,0
DA:26,0
DA:29,0
LF:9
LH:4
BRF:0
BRH:0
end_of_record
TN:
SF:./src/client/app/layout/menu.controller.js
FN:1,(anonymous_1)
FN:11,MenuController
FN:26,activate
FN:30,(anonymous_4)
FN:35,getNavRoutes
FN:36,(anonymous_6)
FN:38,(anonymous_7)
FN:43,isCurrent
FN:51,modalLogin
FN:66,getAuthUser
FN:67,(anonymous_11)
FN:78,logout
FN:80,(anonymous_13)
FN:86,setLang
FNF:14
FNH:1
FNDA:1,(anonymous_1)
FNDA:0,MenuController
FNDA:0,activate
FNDA:0,(anonymous_4)
FNDA:0,getNavRoutes
FNDA:0,(anonymous_6)
FNDA:0,(anonymous_7)
FNDA:0,isCurrent
FNDA:0,modalLogin
FNDA:0,getAuthUser
FNDA:0,(anonymous_11)
FNDA:0,logout
FNDA:0,(anonymous_13)
FNDA:0,setLang
DA:1,1
DA:4,1
DA:8,1
DA:11,1
DA:13,0
DA:14,0
DA:15,0
DA:17,0
DA:18,0
DA:19,0
DA:21,0
DA:22,0
DA:24,0
DA:26,1
DA:27,0
DA:29,0
DA:30,0
DA:31,0
DA:35,1
DA:36,0
DA:37,0
DA:39,0
DA:43,1
DA:44,0
DA:45,0
DA:47,0
DA:48,0
DA:51,1
DA:53,0
DA:66,1
DA:67,0
DA:73,0
DA:74,0
DA:78,1
DA:79,0
DA:80,0
DA:81,0
DA:82,0
DA:86,1
DA:87,0
DA:88,0
LF:41
LH:11
BRDA:37,1,0,0
BRDA:37,1,1,0
BRDA:44,2,0,0
BRDA:44,2,1,0
BRDA:44,3,0,0
BRDA:44,3,1,0
BRDA:44,3,2,0
BRDA:48,4,0,0
BRDA:48,4,1,0
BRF:9
BRH:0
end_of_record
TN:
SF:./src/client/app/layout/shell.controller.js
FN:1,(anonymous_1)
FN:10,ShellController
FN:23,activate
FN:28,hideSplash
FN:30,(anonymous_5)
FNF:5
FNH:5
FNDA:1,(anonymous_1)
FNDA:3,ShellController
FNDA:3,activate
FNDA:3,hideSplash
FNDA:1,(anonymous_5)
DA:1,1
DA:4,1
DA:8,1
DA:10,1
DA:11,3
DA:12,3
DA:13,3
DA:14,3
DA:15,3
DA:21,3
DA:23,1
DA:24,3
DA:25,3
DA:28,1
DA:30,3
DA:31,1
LF:16
LH:16
BRF:0
BRH:0
end_of_record
TN:
SF:./src/client/app/login/login.controller.js
FN:1,(anonymous_1)
FN:12,LoginController
FN:22,closeModal
FN:26,loginSend
FN:33,(anonymous_5)
FN:37,(anonymous_6)
FN:45,(anonymous_7)
FN:56,(anonymous_8)
FN:71,goToSignup
FN:79,activate
FNF:10
FNH:1
FNDA:1,(anonymous_1)
FNDA:0,LoginController
FNDA:0,closeModal
FNDA:0,loginSend
FNDA:0,(anonymous_5)
FNDA:0,(anonymous_6)
FNDA:0,(anonymous_7)
FNDA:0,(anonymous_8)
FNDA:0,goToSignup
FNDA:0,activate
DA:1,1
DA:4,1
DA:8,1
DA:12,1
DA:14,0
DA:15,0
DA:16,0
DA:17,0
DA:18,0
DA:19,0
DA:20,0
DA:22,1
DA:23,0
DA:26,1
DA:28,0
DA:34,0
DA:35,0
DA:36,0
DA:37,0
DA:38,0
DA:40,0
DA:41,0
DA:42,0
DA:43,0
DA:45,0
DA:46,0
DA:47,0
DA:50,0
DA:57,0
DA:58,0
DA:59,0
DA:62,0
DA:63,0
DA:64,0
DA:71,1
DA:72,0
DA:73,0
DA:74,0
DA:77,0
DA:79,1
LF:40
LH:8
BRDA:34,1,0,0
BRDA:34,1,1,0
BRDA:40,2,0,0
BRDA:40,2,1,0
BRF:4
BRH:0
end_of_record
TN:
SF:./src/client/app/login/login.route.js
FN:1,(anonymous_1)
FN:10,appRun
FN:14,getStates
FNF:3
FNH:3
FNDA:1,(anonymous_1)
FNDA:9,appRun
FNDA:9,getStates
DA:1,1
DA:4,1
DA:8,1
DA:10,1
DA:11,9
DA:14,1
DA:15,9
LF:7
LH:7
BRF:0
BRH:0
end_of_record
TN:
SF:./src/client/app/login/loginpage.controller.js
FN:1,(anonymous_1)
FN:12,LoginPageController
FN:23,loginSend
FN:29,(anonymous_4)
FN:34,(anonymous_5)
FN:42,(anonymous_6)
FN:49,(anonymous_7)
FN:56,goToSignup
FN:63,activate
FNF:9
FNH:5
FNDA:1,(anonymous_1)
FNDA:7,LoginPageController
FNDA:1,loginSend
FNDA:1,(anonymous_4)
FNDA:0,(anonymous_5)
FNDA:0,(anonymous_6)
FNDA:0,(anonymous_7)
FNDA:0,goToSignup
FNDA:7,activate
DA:1,1
DA:4,1
DA:8,1
DA:12,1
DA:14,7
DA:15,7
DA:16,7
DA:17,7
DA:18,7
DA:19,7
DA:21,7
DA:23,1
DA:25,1
DA:28,1
DA:30,1
DA:31,1
DA:32,1
DA:33,1
DA:34,1
DA:35,0
DA:37,0
DA:38,0
DA:39,0
DA:40,0
DA:42,0
DA:43,0
DA:46,0
DA:50,0
DA:51,0
DA:56,1
DA:57,0
DA:58,0
DA:61,7
DA:63,1
DA:64,7
LF:35
LH:23
BRDA:31,1,0,1
BRDA:31,1,1,0
BRDA:37,2,0,0
BRDA:37,2,1,0
BRF:4
BRH:1
end_of_record
TN:
SF:./src/client/app/login/socialController.js
FN:1,(anonymous_1)
FN:12,SocialController
FN:18,activate
FN:23,(anonymous_4)
FN:29,(anonymous_5)
FNF:5
FNH:1
FNDA:1,(anonymous_1)
FNDA:0,SocialController
FNDA:0,activate
FNDA:0,(anonymous_4)
FNDA:0,(anonymous_5)
DA:1,1
DA:4,1
DA:8,1
DA:12,1
DA:16,0
DA:18,1
DA:19,0
DA:24,0
DA:25,0
DA:26,0
DA:27,0
DA:30,0
LF:12
LH:5
BRF:0
BRH:0
end_of_record
TN:
SF:./src/client/app/main/main.controller.js
FN:1,(anonymous_1)
FN:10,MainController
FN:19,(anonymous_3)
FN:27,activate
FNF:4
FNH:3
FNDA:1,(anonymous_1)
FNDA:3,MainController
FNDA:0,(anonymous_3)
FNDA:3,activate
DA:1,1
DA:4,1
DA:8,1
DA:10,1
DA:11,3
DA:12,3
DA:16,3
DA:17,3
DA:19,3
DA:20,0
DA:21,0
DA:22,0
DA:25,3
DA:27,1
DA:28,3
LF:15
LH:12
BRF:0
BRH:0
end_of_record
TN:
SF:./src/client/app/main/main.route.js
FN:1,(anonymous_1)
FN:10,appRun
FN:14,getStates
FNF:3
FNH:3
FNDA:1,(anonymous_1)
FNDA:6,appRun
FNDA:6,getStates
DA:1,1
DA:4,1
DA:8,1
DA:10,1
DA:11,6
DA:14,1
DA:15,6
LF:7
LH:7
BRF:0
BRH:0
end_of_record
TN:
SF:./src/client/app/signup/signup.controller.js
FN:1,(anonymous_1)
FN:12,SignupController
FN:26,sendSignup
FN:36,(anonymous_4)
FN:40,(anonymous_5)
FN:45,(anonymous_6)
FN:51,(anonymous_7)
FN:60,(anonymous_8)
FN:68,activate
FNF:9
FNH:5
FNDA:1,(anonymous_1)
FNDA:11,SignupController
FNDA:4,sendSignup
FNDA:3,(anonymous_4)
FNDA:0,(anonymous_5)
FNDA:0,(anonymous_6)
FNDA:0,(anonymous_7)
FNDA:0,(anonymous_8)
FNDA:11,activate
DA:1,1
DA:4,1
DA:8,1
DA:12,1
DA:14,11
DA:16,11
DA:17,11
DA:18,11
DA:19,11
DA:20,11
DA:21,11
DA:22,11
DA:24,11
DA:26,1
DA:27,4
DA:28,4
DA:29,3
DA:35,3
DA:36,3
DA:37,3
DA:38,3
DA:39,1
DA:40,1
DA:41,0
DA:43,2
DA:44,1
DA:45,1
DA:46,0
DA:47,0
DA:50,1
DA:51,1
DA:52,0
DA:53,0
DA:58,1
DA:59,1
DA:60,1
DA:61,0
DA:66,11
DA:68,1
DA:69,11
LF:40
LH:34
BRDA:28,1,0,3
BRDA:28,1,1,1
BRDA:38,2,0,1
BRDA:38,2,1,2
BRDA:43,3,0,1
BRDA:43,3,1,1
BRF:6
BRH:6
end_of_record
TN:
SF:./src/client/app/signup/signup.route.js
FN:1,(anonymous_1)
FN:10,appRun
FN:14,getStates
FNF:3
FNH:3
FNDA:1,(anonymous_1)
FNDA:11,appRun
FNDA:11,getStates
DA:1,1
DA:4,1
DA:8,1
DA:10,1
DA:11,11
DA:14,1
DA:15,11
LF:7
LH:7
BRF:0
BRH:0
end_of_record
TN:
SF:./src/client/app/technicians/technicians.controller.js
FN:1,(anonymous_1)
FN:12,techniciansController
FN:31,(anonymous_3)
FN:37,activate
FN:39,(anonymous_5)
FN:44,getMarkersMap
FN:45,(anonymous_7)
FN:58,getTechnicians
FN:59,(anonymous_9)
FN:68,update
FN:73,modalDetails
FN:86,showDetailMarker
FN:92,getDetails
FN:100,viewOnMap
FNF:14
FNH:4
FNDA:1,(anonymous_1)
FNDA:3,techniciansController
FNDA:0,(anonymous_3)
FNDA:3,activate
FNDA:0,(anonymous_5)
FNDA:3,getMarkersMap
FNDA:0,(anonymous_7)
FNDA:0,getTechnicians
FNDA:0,(anonymous_9)
FNDA:0,update
FNDA:0,modalDetails
FNDA:0,showDetailMarker
FNDA:0,getDetails
FNDA:0,viewOnMap
DA:1,1
DA:4,1
DA:8,1
DA:12,1
DA:14,3
DA:15,3
DA:16,3
DA:17,3
DA:18,3
DA:19,3
DA:20,3
DA:21,3
DA:22,3
DA:23,3
DA:24,3
DA:25,3
DA:26,3
DA:27,3
DA:29,3
DA:31,3
DA:32,0
DA:35,3
DA:37,1
DA:38,3
DA:39,3
DA:40,0
DA:44,1
DA:45,3
DA:46,0
DA:47,0
DA:52,0
DA:53,0
DA:58,1
DA:59,0
DA:60,0
DA:61,0
DA:62,0
DA:64,0
DA:68,1
DA:69,0
DA:70,0
DA:73,1
DA:74,0
DA:75,0
DA:77,0
DA:86,1
DA:87,0
DA:88,0
DA:89,0
DA:92,1
DA:93,0
DA:94,0
DA:95,0
DA:100,1
DA:101,0
DA:103,0
DA:104,0
LF:57
LH:32
BRDA:94,1,0,0
BRDA:94,1,1,0
BRF:2
BRH:0
end_of_record
TN:
SF:./src/client/app/technicians/technicians.route.js
FN:1,(anonymous_1)
FN:10,appRun
FN:14,getStates
FNF:3
FNH:3
FNDA:1,(anonymous_1)
FNDA:6,appRun
FNDA:6,getStates
DA:1,1
DA:4,1
DA:8,1
DA:10,1
DA:11,6
DA:14,1
DA:15,6
LF:7
LH:7
BRF:0
BRH:0
end_of_record
TN:
SF:./src/client/app/widgets/configApiGoogleMaps.js
FN:1,(anonymous_1)
FNF:1
FNH:1
FNDA:1,(anonymous_1)
DA:1,1
DA:4,1
LF:2
LH:2
BRF:0
BRH:0
end_of_record
TN:
SF:./src/client/app/widgets/ht-img-person.directive.js
FN:1,(anonymous_1)
FN:10,htImgPerson
FN:21,link
FN:22,(anonymous_4)
FNF:4
FNH:1
FNDA:1,(anonymous_1)
FNDA:0,htImgPerson
FNDA:0,link
FNDA:0,(anonymous_4)
DA:1,1
DA:4,1
DA:8,1
DA:10,1
DA:13,0
DA:14,0
DA:15,0
DA:19,0
DA:21,1
DA:22,0
DA:23,0
DA:24,0
LF:12
LH:5
BRDA:23,1,0,0
BRDA:23,1,1,0
BRF:2
BRH:0
end_of_record
TN:
SF:./src/client/app/widgets/ht-widget-header.directive.js
FN:1,(anonymous_1)
FN:9,htWidgetHeader
FN:29,link
FN:30,(anonymous_4)
FNF:4
FNH:1
FNDA:1,(anonymous_1)
FNDA:0,htWidgetHeader
FNDA:0,link
FNDA:0,(anonymous_4)
DA:1,1
DA:4,1
DA:9,1
DA:16,0
DA:27,0
DA:29,1
DA:30,0
DA:31,0
DA:32,0
DA:33,0
LF:10
LH:4
BRDA:31,1,0,0
BRDA:31,1,1,0
BRF:2
BRH:0
end_of_record
